<?xml version="1.0" encoding="UTF-8"?>
<!-- Generated by org.testng.reporters.JUnitReportReporter -->
<testsuite hostname="dell-PC" failures="0" tests="1" name="com.javatpoint.AppTest" time="0.156" errors="0" timestamp="2023-03-09T11:51:44 IST" skipped="0">
  <testcase classname="com.javatpoint.AppTest" name="shouldAnswerWithTrue" time="0.156"/>
  <system-out/>
</testsuite> <!-- com.javatpoint.AppTest -->
